<?xml version="1.0" encoding="UTF-8"?>
<testsuite name="tcp.VendingMachineClientTest" tests="1" skipped="0" failures="0" errors="0" timestamp="2021-03-29T12:10:31" hostname="Jessicas-MacBook-Pro.fritz.box" time="0.121">
  <properties/>
  <testcase name="testClientConnectsToServer" classname="tcp.VendingMachineClientTest" time="0.121"/>
  <system-out><![CDATA[ready to accept connections
client connected
client is requesting to see products
client sent request: show products;
.server sent response
]]></system-out>
  <system-err><![CDATA[]]></system-err>
</testsuite>
